[debug] [2026-04-12T05:19:19.548Z] ----------------------------------------------------------------------
[debug] [2026-04-12T05:19:19.550Z] Command:       C:\Program Files\nodejs\node.exe C:\Users\shrin\AppData\Roaming\npm\node_modules\firebase-tools\lib\bin\firebase.js projects:list
[debug] [2026-04-12T05:19:19.551Z] CLI Version:   15.8.0
[debug] [2026-04-12T05:19:19.551Z] Platform:      win32
[debug] [2026-04-12T05:19:19.551Z] Node Version:  v22.17.0
[debug] [2026-04-12T05:19:19.552Z] Time:          Sun Apr 12 2026 10:49:19 GMT+0530 (India Standard Time)
[debug] [2026-04-12T05:19:19.552Z] ----------------------------------------------------------------------
[debug] 
[debug] [2026-04-12T05:19:19.553Z] >>> [apiv2][query] GET https://firebase-public.firebaseio.com/cli.json [none]
[debug] [2026-04-12T05:19:19.596Z] > command requires scopes: ["email","openid","https://www.googleapis.com/auth/cloudplatformprojects.readonly","https://www.googleapis.com/auth/firebase","https://www.googleapis.com/auth/cloud-platform"]
[debug] [2026-04-12T05:19:19.597Z] > authorizing via signed-in user (ssak89468946@gmail.com)
[debug] [2026-04-12T05:19:19.599Z] Checked if tokens are valid: false, expires at: 1751227573377
[debug] [2026-04-12T05:19:19.599Z] Checked if tokens are valid: false, expires at: 1751227573377
[debug] [2026-04-12T05:19:19.599Z] > refreshing access token with scopes: []
[debug] [2026-04-12T05:19:19.600Z] >>> [apiv2][query] POST https://www.googleapis.com/oauth2/v3/token [none]
[debug] [2026-04-12T05:19:19.600Z] >>> [apiv2][body] POST https://www.googleapis.com/oauth2/v3/token [omitted]
[debug] [2026-04-12T05:19:20.537Z] <<< [apiv2][status] POST https://www.googleapis.com/oauth2/v3/token 400
[debug] [2026-04-12T05:19:20.537Z] <<< [apiv2][body] POST https://www.googleapis.com/oauth2/v3/token [omitted]
[debug] [2026-04-12T05:19:20.537Z] >>> [apiv2][query] GET https://firebase.googleapis.com/v1beta1/projects pageSize=1000
[debug] [2026-04-12T05:19:20.784Z] <<< [apiv2][status] GET https://firebase-public.firebaseio.com/cli.json 200
[debug] [2026-04-12T05:19:20.784Z] <<< [apiv2][body] GET https://firebase-public.firebaseio.com/cli.json {"cloudBuildErrorAfter":1594252800000,"cloudBuildWarnAfter":1590019200000,"defaultNode10After":1594252800000,"minVersion":"3.0.5","node8DeploysDisabledAfter":1613390400000,"node8RuntimeDisabledAfter":1615809600000,"node8WarnAfter":1600128000000}
[debug] [2026-04-12T05:19:20.824Z] <<< [apiv2][status] GET https://firebase.googleapis.com/v1beta1/projects 401
[debug] [2026-04-12T05:19:20.824Z] <<< [apiv2][body] GET https://firebase.googleapis.com/v1beta1/projects [omitted]
[debug] [2026-04-12T05:19:20.824Z] Got a 401 Unauthenticated error for a call that required authentication. Refreshing tokens.
[debug] [2026-04-12T05:19:20.824Z] Checked if tokens are valid: false, expires at: 1751227573377
[debug] [2026-04-12T05:19:20.824Z] Checked if tokens are valid: false, expires at: 1751227573377
[debug] [2026-04-12T05:19:20.824Z] > refreshing access token with scopes: []
[debug] [2026-04-12T05:19:20.825Z] >>> [apiv2][query] POST https://www.googleapis.com/oauth2/v3/token [none]
[debug] [2026-04-12T05:19:20.825Z] >>> [apiv2][body] POST https://www.googleapis.com/oauth2/v3/token [omitted]
[debug] [2026-04-12T05:19:20.930Z] <<< [apiv2][status] POST https://www.googleapis.com/oauth2/v3/token 400
[debug] [2026-04-12T05:19:20.930Z] <<< [apiv2][body] POST https://www.googleapis.com/oauth2/v3/token [omitted]
[debug] [2026-04-12T05:19:20.932Z] Request to https://firebase.googleapis.com/v1beta1/projects?pageSize=1000 had HTTP Error: 401, Request had invalid authentication credentials. Expected OAuth 2 access token, login cookie or other valid authentication credential. See https://developers.google.com/identity/sign-in/web/devconsole-project.
[debug] [2026-04-12T05:19:21.204Z] FirebaseError: Request to https://firebase.googleapis.com/v1beta1/projects?pageSize=1000 had HTTP Error: 401, Request had invalid authentication credentials. Expected OAuth 2 access token, login cookie or other valid authentication credential. See https://developers.google.com/identity/sign-in/web/devconsole-project.
    at responseToError (C:\Users\shrin\AppData\Roaming\npm\node_modules\firebase-tools\lib\responseToError.js:53:12)
    at RetryOperation._fn (C:\Users\shrin\AppData\Roaming\npm\node_modules\firebase-tools\lib\apiv2.js:330:77)
    at process.processTicksAndRejections (node:internal/process/task_queues:105:5)
[error] 
[error] Error: Failed to list Firebase projects. See firebase-debug.log for more info.
